<?xml version="1.0" encoding="UTF-8"?>
<!-- Generated by org.testng.reporters.JUnitXMLReporter -->
<testsuite ignored="0" hostname="Bharani" failures="1" tests="3" name="Test" time="22.652" errors="0" timestamp="2022-10-30T09:03:20 IST">
  <testcase classname="testng.Testcase1" name="tc1" time="0.328">
    <failure type="java.lang.AssertionError" message="expected [1324werte456456] but found [actiTIME - Login]">
      <![CDATA[java.lang.AssertionError: expected [1324werte456456] but found [actiTIME - Login]
at testng.Testcase1.tc1(Testcase1.java:39)
at java.base/java.util.ArrayList.forEach(ArrayList.java:1511)
... Removed 33 stack frames]]>
    </failure>
  </testcase> <!-- tc1 -->
  <testcase classname="testng.Testcase2" name="tc2" time="0.345"/>
  <testcase classname="testng.Testcase3" name="tc3" time="0.203"/>
</testsuite> <!-- Test -->
